<?xml version="1.0" encoding="UTF-8"?>
<!-- Generated by org.testng.reporters.JUnitReportReporter -->
<testsuite hostname="DESKTOP-M0OP5BU" failures="0" tests="1" name="Listener.NetworkFailure" time="1.709" errors="0" timestamp="2024-05-29T09:55:49 IST" skipped="0">
  <testcase classname="Listener.NetworkFailure" name="main" time="1.709"/>
</testsuite> <!-- Listener.NetworkFailure -->
