<?xml version="1.0" encoding="UTF-8"?>
<!-- Generated by org.testng.reporters.JUnitReportReporter -->
<testsuite hostname="DESKTOP-M0OP5BU" failures="0" tests="1" name="Listener.testclass2" time="8.875" errors="0" timestamp="2024-05-25T12:30:22 IST" skipped="0">
  <testcase classname="Listener.testclass2" name="giftcard" time="8.875"/>
</testsuite> <!-- Listener.testclass2 -->
