<?xml version="1.0" encoding="UTF-8"?>
<!-- Generated by org.testng.reporters.JUnitReportReporter -->
<testsuite hostname="DESKTOP-M0OP5BU" failures="0" tests="1" name="Extent_report.SampleReport" time="0.632" errors="0" timestamp="2024-05-30T09:58:14 IST" skipped="0">
  <testcase classname="Extent_report.SampleReport" name="launchtheReport" time="0.632"/>
</testsuite> <!-- Extent_report.SampleReport -->
