<?xml version="1.0" encoding="UTF-8"?>
<!-- Generated by org.testng.reporters.JUnitReportReporter -->
<testsuite hostname="DESKTOP-M0OP5BU" failures="0" tests="1" name="Parameter.Shopperstack" time="15.937" errors="0" timestamp="2024-05-20T10:31:26 IST" skipped="0">
  <testcase classname="Parameter.Shopperstack" name="shopperLogin" time="15.937"/>
</testsuite> <!-- Parameter.Shopperstack -->
