<?xml version="1.0" encoding="UTF-8"?>
<!-- Generated by org.testng.reporters.JUnitReportReporter -->
<testsuite hostname="DESKTOP-M0OP5BU" failures="0" tests="1" name="TestNgTravel.AbhiBus" time="14.568" errors="0" timestamp="2024-05-27T09:24:34 IST" skipped="0">
  <testcase classname="TestNgTravel.AbhiBus" name="abhibus" time="14.568"/>
</testsuite> <!-- TestNgTravel.AbhiBus -->
