<?xml version="1.0" encoding="UTF-8"?>
<!-- Generated by org.testng.reporters.JUnitReportReporter -->
<testsuite hostname="DESKTOP-M0OP5BU" failures="0" tests="1" name="pom.dwslogin" time="7.132" errors="0" timestamp="2024-05-27T12:17:52 IST" skipped="0">
  <testcase classname="pom.dwslogin" name="loginPom" time="7.132"/>
</testsuite> <!-- pom.dwslogin -->
