<?xml version="1.0" encoding="UTF-8"?>
<!-- Generated by org.testng.reporters.JUnitReportReporter -->
<testsuite hostname="DESKTOP-M0OP5BU" failures="0" tests="1" name="TestNgFashion.Ajio" time="9.323" errors="0" timestamp="2024-05-27T09:24:34 IST" skipped="0">
  <testcase classname="TestNgFashion.Ajio" name="ajio" time="9.323"/>
</testsuite> <!-- TestNgFashion.Ajio -->
