<?xml version="1.0" encoding="UTF-8"?>
<!-- Generated by org.testng.reporters.JUnitReportReporter -->
<testsuite hostname="DESKTOP-M0OP5BU" failures="0" tests="1" name="TestNgFashion.DemoWebSHop" time="5.143" errors="0" timestamp="2024-05-27T09:24:34 IST" skipped="0">
  <testcase classname="TestNgFashion.DemoWebSHop" name="demowebshop" time="5.143"/>
</testsuite> <!-- TestNgFashion.DemoWebSHop -->
