<?xml version="1.0" encoding="UTF-8"?>
<!-- Generated by org.testng.reporters.JUnitReportReporter -->
<testsuite hostname="DESKTOP-M0OP5BU" failures="0" tests="1" name="TestNgFashion.Kalki" time="4.757" errors="0" timestamp="2024-05-27T09:24:34 IST" skipped="0">
  <testcase classname="TestNgFashion.Kalki" name="kalki" time="4.757"/>
</testsuite> <!-- TestNgFashion.Kalki -->
