<?xml version="1.0" encoding="UTF-8"?>
<!-- Generated by org.testng.reporters.JUnitReportReporter -->
<testsuite hostname="DESKTOP-M0OP5BU" failures="0" tests="1" name="Listener.test" time="6.150" errors="0" timestamp="2024-05-25T11:41:44 IST" skipped="0">
  <testcase classname="Listener.test" name="addtocart" time="6.150"/>
</testsuite> <!-- Listener.test -->
