<?xml version="1.0" encoding="UTF-8"?>
<!-- Generated by org.testng.reporters.JUnitReportReporter -->
<testsuite hostname="DESKTOP-M0OP5BU" failures="0" tests="3" name="TestNgBasicHelperMethods.Enable" time="30.353" errors="0" timestamp="2024-05-22T19:40:20 IST" skipped="1">
  <testcase classname="TestNgBasicHelperMethods.Enable" name="royalchallenger" time="12.526"/>
  <testcase classname="TestNgBasicHelperMethods.Enable" name="cheenaisuperkings" time="17.827"/>
  <testcase classname="TestNgBasicHelperMethods.Enable" name="demo">
    <skipped/>
  </testcase> <!-- demo -->
</testsuite> <!-- TestNgBasicHelperMethods.Enable -->
