<?xml version="1.0" encoding="UTF-8"?>
<!-- Generated by org.testng.reporters.JUnitReportReporter -->
<testsuite hostname="DESKTOP-M0OP5BU" failures="0" tests="1" name="Assignment.GiftCard" time="6.520" errors="0" timestamp="2024-05-21T10:10:07 IST" skipped="0">
  <testcase classname="Assignment.GiftCard" name="gift" time="6.520"/>
</testsuite> <!-- Assignment.GiftCard -->
