<?xml version="1.0" encoding="UTF-8"?>
<!-- Generated by org.testng.reporters.JUnitReportReporter -->
<testsuite hostname="DESKTOP-M0OP5BU" failures="0" tests="3" name="TestNgBasicHelperMethods.DependsOnMethod" time="24.399" errors="0" timestamp="2024-05-22T19:35:20 IST" skipped="0">
  <testcase classname="TestNgBasicHelperMethods.DependsOnMethod" name="modifiedAccount" time="6.402"/>
  <testcase classname="TestNgBasicHelperMethods.DependsOnMethod" name="createAccount" time="14.086"/>
  <testcase classname="TestNgBasicHelperMethods.DependsOnMethod" name="deleteAccount" time="3.911"/>
</testsuite> <!-- TestNgBasicHelperMethods.DependsOnMethod -->
